<?xml version="1.0" encoding="UTF-8"?>
<!-- Generated by org.testng.reporters.JUnitXMLReporter -->
<testsuite ignored="5" hostname="DESKTOP-OKOQ08C" failures="0" tests="1" name="parallelPOC" time="212.166" errors="0" timestamp="2022-01-25T11:28:08 IST">
  <testcase classname="net.focltng.testcases.TestCases" name="TC_049" time="209.779"/>
  <testcase classname="net.focltng.testcases.TestCases" name="TC_045" time="0.0">
    <ignored/>
  </testcase> <!-- TC_045 -->
  <testcase classname="net.focltng.testcases.TestCases" name="TC_089" time="0.0">
    <ignored/>
  </testcase> <!-- TC_089 -->
  <testcase classname="net.focltng.testcases.TestCases" name="TC_046" time="0.0">
    <ignored/>
  </testcase> <!-- TC_046 -->
  <testcase classname="net.focltng.testcases.TestCases" name="TC_047" time="0.0">
    <ignored/>
  </testcase> <!-- TC_047 -->
  <testcase classname="net.focltng.testcases.TestCases" name="TC_048" time="0.0">
    <ignored/>
  </testcase> <!-- TC_048 -->
</testsuite> <!-- parallelPOC -->
